2021-02-26 10:16:27,889 [restartedMain] INFO  com.shiva.PhoneBookWebAppApplication               - Starting PhoneBookWebAppApplication using Java 1.8.0_261 on DESKTOP-KJ1F0JM with PID 7796 (F:\01 Java\JRTP-WorkSpace\01-PhoneBook-App\target\classes started by kalal in F:\01 Java\JRTP-WorkSpace\01-PhoneBook-App)
2021-02-26 10:16:27,892 [restartedMain] INFO  com.shiva.PhoneBookWebAppApplication               - No active profile set, falling back to default profiles: default
2021-02-26 10:16:27,968 [restartedMain] INFO  o.s.boot.devtools.restart.ChangeableUrls           - The Class-Path manifest attribute in C:\Users\kalal\.m2\repository\com\oracle\database\jdbc\ojdbc8\19.8.0.0\ojdbc8-19.8.0.0.jar referenced one or more files that do not exist: file:/C:/Users/kalal/.m2/repository/com/oracle/database/jdbc/ojdbc8/19.8.0.0/oraclepki.jar
2021-02-26 10:16:27,971 [restartedMain] INFO  o.s.b.d.e.DevToolsPropertyDefaultsPostProcessor    - Devtools property defaults active! Set 'spring.devtools.add-properties' to 'false' to disable
2021-02-26 10:16:27,971 [restartedMain] INFO  o.s.b.d.e.DevToolsPropertyDefaultsPostProcessor    - For additional web related logging consider setting the 'logging.level.web' property to 'DEBUG'
2021-02-26 10:16:29,154 [restartedMain] INFO  o.s.d.r.c.RepositoryConfigurationDelegate          - Bootstrapping Spring Data JPA repositories in DEFAULT mode.
2021-02-26 10:16:29,225 [restartedMain] INFO  o.s.d.r.c.RepositoryConfigurationDelegate          - Finished Spring Data repository scanning in 59 ms. Found 1 JPA repository interfaces.
2021-02-26 10:16:30,001 [restartedMain] INFO  o.s.b.w.embedded.tomcat.TomcatWebServer            - Tomcat initialized with port(s): 9090 (http)
2021-02-26 10:16:30,012 [restartedMain] INFO  o.apache.coyote.http11.Http11NioProtocol           - Initializing ProtocolHandler ["http-nio-9090"]
2021-02-26 10:16:30,012 [restartedMain] INFO  org.apache.catalina.core.StandardService           - Starting service [Tomcat]
2021-02-26 10:16:30,013 [restartedMain] INFO  org.apache.catalina.core.StandardEngine            - Starting Servlet engine: [Apache Tomcat/9.0.43]
2021-02-26 10:16:30,111 [restartedMain] INFO  o.a.c.c.C.[Tomcat].[localhost].[/]                 - Initializing Spring embedded WebApplicationContext
2021-02-26 10:16:30,111 [restartedMain] INFO  o.s.b.w.s.c.ServletWebServerApplicationContext     - Root WebApplicationContext: initialization completed in 2138 ms
2021-02-26 10:16:30,205 [restartedMain] INFO  com.zaxxer.hikari.HikariDataSource                 - HikariPool-1 - Starting...
2021-02-26 10:16:30,208 [restartedMain] WARN  com.zaxxer.hikari.util.DriverDataSource            - Registered driver with driverClassName=oracle.jdbc.driver.OracleDriver was not found, trying direct instantiation.
2021-02-26 10:16:30,893 [restartedMain] INFO  com.zaxxer.hikari.HikariDataSource                 - HikariPool-1 - Start completed.
2021-02-26 10:16:30,898 [restartedMain] INFO  o.s.b.a.h2.H2ConsoleAutoConfiguration              - H2 console available at '/h2-console'. Database available at 'jdbc:oracle:thin:@localhost:1521:xe'
2021-02-26 10:16:31,259 [restartedMain] INFO  o.hibernate.jpa.internal.util.LogHelper            - HHH000204: Processing PersistenceUnitInfo [name: default]
2021-02-26 10:16:31,315 [restartedMain] INFO  org.hibernate.Version                              - HHH000412: Hibernate ORM core version 5.4.28.Final
2021-02-26 10:16:31,466 [restartedMain] INFO  org.hibernate.annotations.common.Version           - HCANN000001: Hibernate Commons Annotations {5.1.2.Final}
2021-02-26 10:16:31,600 [restartedMain] INFO  org.hibernate.dialect.Dialect                      - HHH000400: Using dialect: org.hibernate.dialect.Oracle10gDialect
2021-02-26 10:16:32,688 [restartedMain] INFO  o.h.e.t.j.p.i.JtaPlatformInitiator                 - HHH000490: Using JtaPlatform implementation: [org.hibernate.engine.transaction.jta.platform.internal.NoJtaPlatform]
2021-02-26 10:16:32,701 [restartedMain] INFO  o.s.o.j.LocalContainerEntityManagerFactoryBean     - Initialized JPA EntityManagerFactory for persistence unit 'default'
2021-02-26 10:16:32,750 [restartedMain] INFO  o.s.b.d.a.OptionalLiveReloadServer                 - LiveReload server is running on port 35729
2021-02-26 10:16:33,364 [restartedMain] WARN  o.s.b.a.o.j.JpaBaseConfiguration$JpaWebConfiguration - spring.jpa.open-in-view is enabled by default. Therefore, database queries may be performed during view rendering. Explicitly configure spring.jpa.open-in-view to disable this warning
2021-02-26 10:16:33,661 [restartedMain] INFO  o.s.s.concurrent.ThreadPoolTaskExecutor            - Initializing ExecutorService 'applicationTaskExecutor'
2021-02-26 10:16:34,002 [restartedMain] INFO  o.apache.coyote.http11.Http11NioProtocol           - Starting ProtocolHandler ["http-nio-9090"]
2021-02-26 10:16:34,023 [restartedMain] INFO  o.s.b.w.embedded.tomcat.TomcatWebServer            - Tomcat started on port(s): 9090 (http) with context path ''
2021-02-26 10:16:34,025 [restartedMain] INFO  s.d.s.w.p.DocumentationPluginsBootstrapper         - Context refreshed
2021-02-26 10:16:34,048 [restartedMain] INFO  s.d.s.w.p.DocumentationPluginsBootstrapper         - Found 1 custom documentation plugin(s)
2021-02-26 10:16:34,066 [restartedMain] INFO  s.d.s.w.s.ApiListingReferenceScanner               - Scanning for api listing references
2021-02-26 10:16:34,302 [restartedMain] INFO  com.shiva.PhoneBookWebAppApplication               - Started PhoneBookWebAppApplication in 6.9 seconds (JVM running for 8.379)
2021-02-26 10:19:01,616 [RMI TCP Connection(2)-127.0.0.1] INFO  o.s.b.a.SpringApplicationAdminMXBeanRegistrar$SpringApplicationAdmin - Application shutdown requested.
2021-02-26 10:19:02,016 [RMI TCP Connection(2)-127.0.0.1] INFO  o.s.s.concurrent.ThreadPoolTaskExecutor            - Shutting down ExecutorService 'applicationTaskExecutor'
2021-02-26 10:19:02,020 [RMI TCP Connection(2)-127.0.0.1] INFO  o.s.o.j.LocalContainerEntityManagerFactoryBean     - Closing JPA EntityManagerFactory for persistence unit 'default'
2021-02-26 10:19:02,032 [RMI TCP Connection(2)-127.0.0.1] INFO  com.zaxxer.hikari.HikariDataSource                 - HikariPool-1 - Shutdown initiated...
2021-02-26 10:19:02,053 [RMI TCP Connection(2)-127.0.0.1] INFO  com.zaxxer.hikari.HikariDataSource                 - HikariPool-1 - Shutdown completed.
